C:\SU\CSE687\CODE\PROJECT1HELPSP13\GRAPH\GRAPH\DEBUG\GRAPH.OBJ
C:\SU\CSE687\CODE\PROJECT1HELPSP13\GRAPH\GRAPH\DEBUG\XMLREADER.OBJ
C:\SU\CSE687\CODE\PROJECT1HELPSP13\GRAPH\GRAPH\DEBUG\XMLWRITER.OBJ
C:\SU\CSE687\CODE\PROJECT1HELPSP13\GRAPH\GRAPH\DEBUG\VC110.PDB
C:\SU\CSE687\CODE\PROJECT1HELPSP13\GRAPH\DEBUG\GRAPH.ILK
C:\SU\CSE687\CODE\PROJECT1HELPSP13\GRAPH\DEBUG\GRAPH.EXE
C:\SU\CSE687\CODE\PROJECT1HELPSP13\GRAPH\DEBUG\GRAPH.PDB
C:\su\cse687\code\Project1HelpSp13\Graph\Graph\Debug\Graph.obj
C:\su\cse687\code\Project1HelpSp13\Graph\Graph\Debug\XmlReader.obj
C:\su\cse687\code\Project1HelpSp13\Graph\Graph\Debug\XmlWriter.obj
C:\su\cse687\code\Project1HelpSp13\Graph\Graph\Debug\cl.command.1.tlog
C:\su\cse687\code\Project1HelpSp13\Graph\Graph\Debug\CL.read.1.tlog
C:\su\cse687\code\Project1HelpSp13\Graph\Graph\Debug\CL.write.1.tlog
C:\su\cse687\code\Project1HelpSp13\Graph\Graph\Debug\link-cvtres.read.1.tlog
C:\su\cse687\code\Project1HelpSp13\Graph\Graph\Debug\link-cvtres.write.1.tlog
C:\su\cse687\code\Project1HelpSp13\Graph\Graph\Debug\link-rc.read.1.tlog
C:\su\cse687\code\Project1HelpSp13\Graph\Graph\Debug\link-rc.write.1.tlog
C:\su\cse687\code\Project1HelpSp13\Graph\Graph\Debug\link.command.1.tlog
C:\su\cse687\code\Project1HelpSp13\Graph\Graph\Debug\link.read.1.tlog
C:\su\cse687\code\Project1HelpSp13\Graph\Graph\Debug\link.write.1.tlog
C:\su\cse687\code\Project1HelpSp13\Graph\Graph\Debug\vc110.idb
C:\su\cse687\code\Project1HelpSp13\Graph\Graph\Debug\vc110.pdb
C:\su\cse687\code\Project1HelpSp13\Graph\Debug\Graph.pdb
C:\su\cse687\code\Project1HelpSp13\Graph\Debug\Graph.exe
C:\su\cse687\code\Project1HelpSp13\Graph\Debug\Graph.ilk
