C:\SU\CSE687\CODE\PROJECT1HELPSP13\GRAPH\PASSFUNCT\DEBUG\PASSFUNC.OBJ
C:\SU\CSE687\CODE\PROJECT1HELPSP13\GRAPH\PASSFUNCT\DEBUG\VC110.PDB
C:\SU\CSE687\CODE\PROJECT1HELPSP13\GRAPH\DEBUG\PASSFUNCT.ILK
C:\SU\CSE687\CODE\PROJECT1HELPSP13\GRAPH\DEBUG\PASSFUNCT.EXE
C:\SU\CSE687\CODE\PROJECT1HELPSP13\GRAPH\DEBUG\PASSFUNCT.PDB
C:\su\cse687\code\Project1HelpSp13\Graph\PassFunct\Debug\PassFunc.obj
C:\su\cse687\code\Project1HelpSp13\Graph\PassFunct\Debug\cl.command.1.tlog
C:\su\cse687\code\Project1HelpSp13\Graph\PassFunct\Debug\CL.read.1.tlog
C:\su\cse687\code\Project1HelpSp13\Graph\PassFunct\Debug\CL.write.1.tlog
C:\su\cse687\code\Project1HelpSp13\Graph\PassFunct\Debug\link-cvtres.read.1.tlog
C:\su\cse687\code\Project1HelpSp13\Graph\PassFunct\Debug\link-cvtres.write.1.tlog
C:\su\cse687\code\Project1HelpSp13\Graph\PassFunct\Debug\link-rc.read.1.tlog
C:\su\cse687\code\Project1HelpSp13\Graph\PassFunct\Debug\link-rc.write.1.tlog
C:\su\cse687\code\Project1HelpSp13\Graph\PassFunct\Debug\link.command.1.tlog
C:\su\cse687\code\Project1HelpSp13\Graph\PassFunct\Debug\link.read.1.tlog
C:\su\cse687\code\Project1HelpSp13\Graph\PassFunct\Debug\link.write.1.tlog
C:\su\cse687\code\Project1HelpSp13\Graph\PassFunct\Debug\vc110.idb
C:\su\cse687\code\Project1HelpSp13\Graph\PassFunct\Debug\vc110.pdb
C:\su\cse687\code\Project1HelpSp13\Graph\Debug\PassFunct.pdb
C:\su\cse687\code\Project1HelpSp13\Graph\Debug\PassFunct.exe
C:\su\cse687\code\Project1HelpSp13\Graph\Debug\PassFunct.ilk
